C:\inetpub\wwwroot\adduo.restoudaobra\adduo.restoudaobra.web\wwwroot\roApp\dist\out-tsc\src\app\pages\account-page\account-page.component.js
C:\inetpub\wwwroot\adduo.restoudaobra\adduo.restoudaobra.web\wwwroot\roApp\dist\out-tsc\src\app\pages\account-page\account-page.component.js.map
C:\inetpub\wwwroot\adduo.restoudaobra\adduo.restoudaobra.web\wwwroot\roApp\dist\out-tsc\src\app\pages\register-finalization-page\register-finalization-page.component.js
C:\inetpub\wwwroot\adduo.restoudaobra\adduo.restoudaobra.web\wwwroot\roApp\dist\out-tsc\src\app\pages\register-finalization-page\register-finalization-page.component.js.map
C:\inetpub\wwwroot\adduo.restoudaobra\adduo.restoudaobra.web\wwwroot\roApp\dist\out-tsc\src\app\app.configs.js
C:\inetpub\wwwroot\adduo.restoudaobra\adduo.restoudaobra.web\wwwroot\roApp\dist\out-tsc\src\app\app.configs.js.map
C:\inetpub\wwwroot\adduo.restoudaobra\adduo.restoudaobra.web\wwwroot\roApp\dist\out-tsc\src\app\envelope\request.envelope.js
C:\inetpub\wwwroot\adduo.restoudaobra\adduo.restoudaobra.web\wwwroot\roApp\dist\out-tsc\src\app\envelope\request.envelope.js.map
C:\inetpub\wwwroot\adduo.restoudaobra\adduo.restoudaobra.web\wwwroot\roApp\dist\out-tsc\src\app\enum\error-code.enum.js
C:\inetpub\wwwroot\adduo.restoudaobra\adduo.restoudaobra.web\wwwroot\roApp\dist\out-tsc\src\app\enum\error-code.enum.js.map
C:\inetpub\wwwroot\adduo.restoudaobra\adduo.restoudaobra.web\wwwroot\roApp\dist\out-tsc\src\app\envelope\error.envelope.js
C:\inetpub\wwwroot\adduo.restoudaobra\adduo.restoudaobra.web\wwwroot\roApp\dist\out-tsc\src\app\envelope\error.envelope.js.map
C:\inetpub\wwwroot\adduo.restoudaobra\adduo.restoudaobra.web\wwwroot\roApp\dist\out-tsc\src\app\envelope\base.envelope.js
C:\inetpub\wwwroot\adduo.restoudaobra\adduo.restoudaobra.web\wwwroot\roApp\dist\out-tsc\src\app\envelope\base.envelope.js.map
C:\inetpub\wwwroot\adduo.restoudaobra\adduo.restoudaobra.web\wwwroot\roApp\dist\out-tsc\src\app\envelope\response.envelope.js
C:\inetpub\wwwroot\adduo.restoudaobra\adduo.restoudaobra.web\wwwroot\roApp\dist\out-tsc\src\app\envelope\response.envelope.js.map
C:\inetpub\wwwroot\adduo.restoudaobra\adduo.restoudaobra.web\wwwroot\roApp\dist\out-tsc\src\app\model\toke.model.js
C:\inetpub\wwwroot\adduo.restoudaobra\adduo.restoudaobra.web\wwwroot\roApp\dist\out-tsc\src\app\model\toke.model.js.map
C:\inetpub\wwwroot\adduo.restoudaobra\adduo.restoudaobra.web\wwwroot\roApp\dist\out-tsc\src\app\shared\type.helper.js
C:\inetpub\wwwroot\adduo.restoudaobra\adduo.restoudaobra.web\wwwroot\roApp\dist\out-tsc\src\app\shared\type.helper.js.map
C:\inetpub\wwwroot\adduo.restoudaobra\adduo.restoudaobra.web\wwwroot\roApp\dist\out-tsc\src\app\model\authenticated.model.js
C:\inetpub\wwwroot\adduo.restoudaobra\adduo.restoudaobra.web\wwwroot\roApp\dist\out-tsc\src\app\model\authenticated.model.js.map
C:\inetpub\wwwroot\adduo.restoudaobra\adduo.restoudaobra.web\wwwroot\roApp\dist\out-tsc\src\app\service\auth.service.js
C:\inetpub\wwwroot\adduo.restoudaobra\adduo.restoudaobra.web\wwwroot\roApp\dist\out-tsc\src\app\service\auth.service.js.map
C:\inetpub\wwwroot\adduo.restoudaobra\adduo.restoudaobra.web\wwwroot\roApp\dist\out-tsc\src\app\service\http.service.js
C:\inetpub\wwwroot\adduo.restoudaobra\adduo.restoudaobra.web\wwwroot\roApp\dist\out-tsc\src\app\service\http.service.js.map
C:\inetpub\wwwroot\adduo.restoudaobra\adduo.restoudaobra.web\wwwroot\roApp\dist\out-tsc\src\app\enum\status-property.enum.js
C:\inetpub\wwwroot\adduo.restoudaobra\adduo.restoudaobra.web\wwwroot\roApp\dist\out-tsc\src\app\enum\status-property.enum.js.map
C:\inetpub\wwwroot\adduo.restoudaobra\adduo.restoudaobra.web\wwwroot\roApp\dist\out-tsc\src\app\shared\property.model.js
C:\inetpub\wwwroot\adduo.restoudaobra\adduo.restoudaobra.web\wwwroot\roApp\dist\out-tsc\src\app\shared\property.model.js.map
C:\inetpub\wwwroot\adduo.restoudaobra\adduo.restoudaobra.web\wwwroot\roApp\dist\out-tsc\src\app\shared\propertystring.model.js
C:\inetpub\wwwroot\adduo.restoudaobra\adduo.restoudaobra.web\wwwroot\roApp\dist\out-tsc\src\app\shared\propertystring.model.js.map
C:\inetpub\wwwroot\adduo.restoudaobra\adduo.restoudaobra.web\wwwroot\roApp\dist\out-tsc\src\app\model\login.model.js
C:\inetpub\wwwroot\adduo.restoudaobra\adduo.restoudaobra.web\wwwroot\roApp\dist\out-tsc\src\app\model\login.model.js.map
C:\inetpub\wwwroot\adduo.restoudaobra\adduo.restoudaobra.web\wwwroot\roApp\dist\out-tsc\src\app\model\owner.model.js
C:\inetpub\wwwroot\adduo.restoudaobra\adduo.restoudaobra.web\wwwroot\roApp\dist\out-tsc\src\app\model\owner.model.js.map
C:\inetpub\wwwroot\adduo.restoudaobra\adduo.restoudaobra.web\wwwroot\roApp\dist\out-tsc\src\app\model\confirmation.model.js
C:\inetpub\wwwroot\adduo.restoudaobra\adduo.restoudaobra.web\wwwroot\roApp\dist\out-tsc\src\app\model\confirmation.model.js.map
C:\inetpub\wwwroot\adduo.restoudaobra\adduo.restoudaobra.web\wwwroot\roApp\dist\out-tsc\src\app\service\owner.service.js
C:\inetpub\wwwroot\adduo.restoudaobra\adduo.restoudaobra.web\wwwroot\roApp\dist\out-tsc\src\app\service\owner.service.js.map
C:\inetpub\wwwroot\adduo.restoudaobra\adduo.restoudaobra.web\wwwroot\roApp\dist\out-tsc\src\app\enum\http-status.enum.js
C:\inetpub\wwwroot\adduo.restoudaobra\adduo.restoudaobra.web\wwwroot\roApp\dist\out-tsc\src\app\enum\http-status.enum.js.map
C:\inetpub\wwwroot\adduo.restoudaobra\adduo.restoudaobra.web\wwwroot\roApp\dist\out-tsc\src\app\model\redefine-password-solicitation.model.js
C:\inetpub\wwwroot\adduo.restoudaobra\adduo.restoudaobra.web\wwwroot\roApp\dist\out-tsc\src\app\model\redefine-password-solicitation.model.js.map
C:\inetpub\wwwroot\adduo.restoudaobra\adduo.restoudaobra.web\wwwroot\roApp\dist\out-tsc\src\app\service\data-transfer.service.js
C:\inetpub\wwwroot\adduo.restoudaobra\adduo.restoudaobra.web\wwwroot\roApp\dist\out-tsc\src\app\service\data-transfer.service.js.map
C:\inetpub\wwwroot\adduo.restoudaobra\adduo.restoudaobra.web\wwwroot\roApp\dist\out-tsc\src\app\model\summary-item.model.js
C:\inetpub\wwwroot\adduo.restoudaobra\adduo.restoudaobra.web\wwwroot\roApp\dist\out-tsc\src\app\model\summary-item.model.js.map
C:\inetpub\wwwroot\adduo.restoudaobra\adduo.restoudaobra.web\wwwroot\roApp\dist\out-tsc\src\app\base.component.js
C:\inetpub\wwwroot\adduo.restoudaobra\adduo.restoudaobra.web\wwwroot\roApp\dist\out-tsc\src\app\base.component.js.map
C:\inetpub\wwwroot\adduo.restoudaobra\adduo.restoudaobra.web\wwwroot\roApp\dist\out-tsc\src\app\pages\register-confirmation-page\register-confirmation-page.component.js
C:\inetpub\wwwroot\adduo.restoudaobra\adduo.restoudaobra.web\wwwroot\roApp\dist\out-tsc\src\app\pages\register-confirmation-page\register-confirmation-page.component.js.map
C:\inetpub\wwwroot\adduo.restoudaobra\adduo.restoudaobra.web\wwwroot\roApp\dist\out-tsc\src\app\model\redefine-password-change.model.js
C:\inetpub\wwwroot\adduo.restoudaobra\adduo.restoudaobra.web\wwwroot\roApp\dist\out-tsc\src\app\model\redefine-password-change.model.js.map
C:\inetpub\wwwroot\adduo.restoudaobra\adduo.restoudaobra.web\wwwroot\roApp\dist\out-tsc\src\app\service\redefine-password.service.js
C:\inetpub\wwwroot\adduo.restoudaobra\adduo.restoudaobra.web\wwwroot\roApp\dist\out-tsc\src\app\service\redefine-password.service.js.map
C:\inetpub\wwwroot\adduo.restoudaobra\adduo.restoudaobra.web\wwwroot\roApp\dist\out-tsc\src\app\enum\ad-type.enum.js
C:\inetpub\wwwroot\adduo.restoudaobra\adduo.restoudaobra.web\wwwroot\roApp\dist\out-tsc\src\app\enum\ad-type.enum.js.map
C:\inetpub\wwwroot\adduo.restoudaobra\adduo.restoudaobra.web\wwwroot\roApp\dist\out-tsc\src\app\shared\view.helper.js
C:\inetpub\wwwroot\adduo.restoudaobra\adduo.restoudaobra.web\wwwroot\roApp\dist\out-tsc\src\app\shared\view.helper.js.map
C:\inetpub\wwwroot\adduo.restoudaobra\adduo.restoudaobra.web\wwwroot\roApp\dist\out-tsc\src\app\pages\redefine-password-solicitation-page\redefine-password-solicitation-page.component.js
C:\inetpub\wwwroot\adduo.restoudaobra\adduo.restoudaobra.web\wwwroot\roApp\dist\out-tsc\src\app\pages\redefine-password-solicitation-page\redefine-password-solicitation-page.component.js.map
C:\inetpub\wwwroot\adduo.restoudaobra\adduo.restoudaobra.web\wwwroot\roApp\dist\out-tsc\src\app\pages\redefine-password-solicitation-finalization-page\redefine-password-solicitation-finalization-page.component.js
C:\inetpub\wwwroot\adduo.restoudaobra\adduo.restoudaobra.web\wwwroot\roApp\dist\out-tsc\src\app\pages\redefine-password-solicitation-finalization-page\redefine-password-solicitation-finalization-page.component.js.map
C:\inetpub\wwwroot\adduo.restoudaobra\adduo.restoudaobra.web\wwwroot\roApp\dist\out-tsc\src\app\pages\redefine-password-change-page\redefine-password-change-page.component.js
C:\inetpub\wwwroot\adduo.restoudaobra\adduo.restoudaobra.web\wwwroot\roApp\dist\out-tsc\src\app\pages\redefine-password-change-page\redefine-password-change-page.component.js.map
C:\inetpub\wwwroot\adduo.restoudaobra\adduo.restoudaobra.web\wwwroot\roApp\dist\out-tsc\src\app\pages\redefine-password-change-finalization-page\redefine-password-change-finalization-page.component.js
C:\inetpub\wwwroot\adduo.restoudaobra\adduo.restoudaobra.web\wwwroot\roApp\dist\out-tsc\src\app\pages\redefine-password-change-finalization-page\redefine-password-change-finalization-page.component.js.map
C:\inetpub\wwwroot\adduo.restoudaobra\adduo.restoudaobra.web\wwwroot\roApp\dist\out-tsc\src\app\pages\account-my-info-page\account-my-info-page.component.js
C:\inetpub\wwwroot\adduo.restoudaobra\adduo.restoudaobra.web\wwwroot\roApp\dist\out-tsc\src\app\pages\account-my-info-page\account-my-info-page.component.js.map
C:\inetpub\wwwroot\adduo.restoudaobra\adduo.restoudaobra.web\wwwroot\roApp\dist\out-tsc\src\app\shared\propertynumber.model.js
C:\inetpub\wwwroot\adduo.restoudaobra\adduo.restoudaobra.web\wwwroot\roApp\dist\out-tsc\src\app\shared\propertynumber.model.js.map
C:\inetpub\wwwroot\adduo.restoudaobra\adduo.restoudaobra.web\wwwroot\roApp\dist\out-tsc\src\app\model\ad-register.model.js
C:\inetpub\wwwroot\adduo.restoudaobra\adduo.restoudaobra.web\wwwroot\roApp\dist\out-tsc\src\app\model\ad-register.model.js.map
C:\inetpub\wwwroot\adduo.restoudaobra\adduo.restoudaobra.web\wwwroot\roApp\dist\out-tsc\src\app\model\item.model.js
C:\inetpub\wwwroot\adduo.restoudaobra\adduo.restoudaobra.web\wwwroot\roApp\dist\out-tsc\src\app\model\item.model.js.map
C:\inetpub\wwwroot\adduo.restoudaobra\adduo.restoudaobra.web\wwwroot\roApp\dist\out-tsc\src\app\shared\propertyitem.model.js
C:\inetpub\wwwroot\adduo.restoudaobra\adduo.restoudaobra.web\wwwroot\roApp\dist\out-tsc\src\app\shared\propertyitem.model.js.map
C:\inetpub\wwwroot\adduo.restoudaobra\adduo.restoudaobra.web\wwwroot\roApp\dist\out-tsc\src\app\enum\action-type.enum.js
C:\inetpub\wwwroot\adduo.restoudaobra\adduo.restoudaobra.web\wwwroot\roApp\dist\out-tsc\src\app\enum\action-type.enum.js.map
C:\inetpub\wwwroot\adduo.restoudaobra\adduo.restoudaobra.web\wwwroot\roApp\dist\out-tsc\src\app\model\address-register.model.js
C:\inetpub\wwwroot\adduo.restoudaobra\adduo.restoudaobra.web\wwwroot\roApp\dist\out-tsc\src\app\model\address-register.model.js.map
C:\inetpub\wwwroot\adduo.restoudaobra\adduo.restoudaobra.web\wwwroot\roApp\dist\out-tsc\src\app\shared\propertylist.model.js
C:\inetpub\wwwroot\adduo.restoudaobra\adduo.restoudaobra.web\wwwroot\roApp\dist\out-tsc\src\app\shared\propertylist.model.js.map
C:\inetpub\wwwroot\adduo.restoudaobra\adduo.restoudaobra.web\wwwroot\roApp\dist\out-tsc\src\app\model\address-detail.model.js
C:\inetpub\wwwroot\adduo.restoudaobra\adduo.restoudaobra.web\wwwroot\roApp\dist\out-tsc\src\app\model\address-detail.model.js.map
C:\inetpub\wwwroot\adduo.restoudaobra\adduo.restoudaobra.web\wwwroot\roApp\dist\out-tsc\src\app\model\ad-register-initial.model.js
C:\inetpub\wwwroot\adduo.restoudaobra\adduo.restoudaobra.web\wwwroot\roApp\dist\out-tsc\src\app\model\ad-register-initial.model.js.map
C:\inetpub\wwwroot\adduo.restoudaobra\adduo.restoudaobra.web\wwwroot\roApp\dist\out-tsc\src\app\model\ad-image-register.model.js
C:\inetpub\wwwroot\adduo.restoudaobra\adduo.restoudaobra.web\wwwroot\roApp\dist\out-tsc\src\app\model\ad-image-register.model.js.map
C:\inetpub\wwwroot\adduo.restoudaobra\adduo.restoudaobra.web\wwwroot\roApp\dist\out-tsc\src\app\model\card-register.model.js
C:\inetpub\wwwroot\adduo.restoudaobra\adduo.restoudaobra.web\wwwroot\roApp\dist\out-tsc\src\app\model\card-register.model.js.map
C:\inetpub\wwwroot\adduo.restoudaobra\adduo.restoudaobra.web\wwwroot\roApp\dist\out-tsc\src\app\service\upload.service.js
C:\inetpub\wwwroot\adduo.restoudaobra\adduo.restoudaobra.web\wwwroot\roApp\dist\out-tsc\src\app\service\upload.service.js.map
C:\inetpub\wwwroot\adduo.restoudaobra\adduo.restoudaobra.web\wwwroot\roApp\dist\out-tsc\src\app\service\ad.service.js
C:\inetpub\wwwroot\adduo.restoudaobra\adduo.restoudaobra.web\wwwroot\roApp\dist\out-tsc\src\app\service\ad.service.js.map
C:\inetpub\wwwroot\adduo.restoudaobra\adduo.restoudaobra.web\wwwroot\roApp\dist\out-tsc\src\app\service\ad-image.service.js
C:\inetpub\wwwroot\adduo.restoudaobra\adduo.restoudaobra.web\wwwroot\roApp\dist\out-tsc\src\app\service\ad-image.service.js.map
C:\inetpub\wwwroot\adduo.restoudaobra\adduo.restoudaobra.web\wwwroot\roApp\dist\out-tsc\src\app\component\ad-images-register\ad-images-register.component.js
C:\inetpub\wwwroot\adduo.restoudaobra\adduo.restoudaobra.web\wwwroot\roApp\dist\out-tsc\src\app\component\ad-images-register\ad-images-register.component.js.map
C:\inetpub\wwwroot\adduo.restoudaobra\adduo.restoudaobra.web\wwwroot\roApp\dist\out-tsc\src\app\pages\ad-register-page\ad.component.js
C:\inetpub\wwwroot\adduo.restoudaobra\adduo.restoudaobra.web\wwwroot\roApp\dist\out-tsc\src\app\pages\ad-register-page\ad.component.js.map
C:\inetpub\wwwroot\adduo.restoudaobra\adduo.restoudaobra.web\wwwroot\roApp\dist\out-tsc\src\app\pages\ad-register-page\ad-register.component.js
C:\inetpub\wwwroot\adduo.restoudaobra\adduo.restoudaobra.web\wwwroot\roApp\dist\out-tsc\src\app\pages\ad-register-page\ad-register.component.js.map
C:\inetpub\wwwroot\adduo.restoudaobra\adduo.restoudaobra.web\wwwroot\roApp\dist\out-tsc\src\app\pages\ad-register-page\ad-register-donation-page.component.js
C:\inetpub\wwwroot\adduo.restoudaobra\adduo.restoudaobra.web\wwwroot\roApp\dist\out-tsc\src\app\pages\ad-register-page\ad-register-donation-page.component.js.map
C:\inetpub\wwwroot\adduo.restoudaobra\adduo.restoudaobra.web\wwwroot\roApp\dist\out-tsc\src\app\pages\ad-register-page\ad-register-sale-page.component.js
C:\inetpub\wwwroot\adduo.restoudaobra\adduo.restoudaobra.web\wwwroot\roApp\dist\out-tsc\src\app\pages\ad-register-page\ad-register-sale-page.component.js.map
C:\inetpub\wwwroot\adduo.restoudaobra\adduo.restoudaobra.web\wwwroot\roApp\dist\out-tsc\src\app\enum\ad-status.enum.js
C:\inetpub\wwwroot\adduo.restoudaobra\adduo.restoudaobra.web\wwwroot\roApp\dist\out-tsc\src\app\enum\ad-status.enum.js.map
C:\inetpub\wwwroot\adduo.restoudaobra\adduo.restoudaobra.web\wwwroot\roApp\dist\out-tsc\src\app\model\ad-detail.model.js
C:\inetpub\wwwroot\adduo.restoudaobra\adduo.restoudaobra.web\wwwroot\roApp\dist\out-tsc\src\app\model\ad-detail.model.js.map
C:\inetpub\wwwroot\adduo.restoudaobra\adduo.restoudaobra.web\wwwroot\roApp\dist\out-tsc\src\app\model\card-detail.model.js
C:\inetpub\wwwroot\adduo.restoudaobra\adduo.restoudaobra.web\wwwroot\roApp\dist\out-tsc\src\app\model\card-detail.model.js.map
C:\inetpub\wwwroot\adduo.restoudaobra\adduo.restoudaobra.web\wwwroot\roApp\dist\out-tsc\src\app\model\myad.model.js
C:\inetpub\wwwroot\adduo.restoudaobra\adduo.restoudaobra.web\wwwroot\roApp\dist\out-tsc\src\app\model\myad.model.js.map
C:\inetpub\wwwroot\adduo.restoudaobra\adduo.restoudaobra.web\wwwroot\roApp\dist\out-tsc\src\app\model\ad-change-status.model.js
C:\inetpub\wwwroot\adduo.restoudaobra\adduo.restoudaobra.web\wwwroot\roApp\dist\out-tsc\src\app\model\ad-change-status.model.js.map
C:\inetpub\wwwroot\adduo.restoudaobra\adduo.restoudaobra.web\wwwroot\roApp\dist\out-tsc\src\app\service\my-ad.service.js
C:\inetpub\wwwroot\adduo.restoudaobra\adduo.restoudaobra.web\wwwroot\roApp\dist\out-tsc\src\app\service\my-ad.service.js.map
C:\inetpub\wwwroot\adduo.restoudaobra\adduo.restoudaobra.web\wwwroot\roApp\dist\out-tsc\src\app\pages\account-my-ad-page\account-my-ad-page.component.js
C:\inetpub\wwwroot\adduo.restoudaobra\adduo.restoudaobra.web\wwwroot\roApp\dist\out-tsc\src\app\pages\account-my-ad-page\account-my-ad-page.component.js.map
C:\inetpub\wwwroot\adduo.restoudaobra\adduo.restoudaobra.web\wwwroot\roApp\dist\out-tsc\src\app\pages\ad-payment-page\ad-payment-page.component.js
C:\inetpub\wwwroot\adduo.restoudaobra\adduo.restoudaobra.web\wwwroot\roApp\dist\out-tsc\src\app\pages\ad-payment-page\ad-payment-page.component.js.map
C:\inetpub\wwwroot\adduo.restoudaobra\adduo.restoudaobra.web\wwwroot\roApp\dist\out-tsc\src\app\service\login.service.js
C:\inetpub\wwwroot\adduo.restoudaobra\adduo.restoudaobra.web\wwwroot\roApp\dist\out-tsc\src\app\service\login.service.js.map
C:\inetpub\wwwroot\adduo.restoudaobra\adduo.restoudaobra.web\wwwroot\roApp\dist\out-tsc\src\app\guard\auth.guard.js
C:\inetpub\wwwroot\adduo.restoudaobra\adduo.restoudaobra.web\wwwroot\roApp\dist\out-tsc\src\app\guard\auth.guard.js.map
C:\inetpub\wwwroot\adduo.restoudaobra\adduo.restoudaobra.web\wwwroot\roApp\dist\out-tsc\src\app\pages\ad-update-page\ad-update.component.js
C:\inetpub\wwwroot\adduo.restoudaobra\adduo.restoudaobra.web\wwwroot\roApp\dist\out-tsc\src\app\pages\ad-update-page\ad-update.component.js.map
C:\inetpub\wwwroot\adduo.restoudaobra\adduo.restoudaobra.web\wwwroot\roApp\dist\out-tsc\src\app\pages\ad-update-page\ad-update-donation-page.component.js
C:\inetpub\wwwroot\adduo.restoudaobra\adduo.restoudaobra.web\wwwroot\roApp\dist\out-tsc\src\app\pages\ad-update-page\ad-update-donation-page.component.js.map
C:\inetpub\wwwroot\adduo.restoudaobra\adduo.restoudaobra.web\wwwroot\roApp\dist\out-tsc\src\app\pages\ad-update-page\ad-update-sale-page.component.js
C:\inetpub\wwwroot\adduo.restoudaobra\adduo.restoudaobra.web\wwwroot\roApp\dist\out-tsc\src\app\pages\ad-update-page\ad-update-sale-page.component.js.map
C:\inetpub\wwwroot\adduo.restoudaobra\adduo.restoudaobra.web\wwwroot\roApp\dist\out-tsc\src\app\model\contact.model.js
C:\inetpub\wwwroot\adduo.restoudaobra\adduo.restoudaobra.web\wwwroot\roApp\dist\out-tsc\src\app\model\contact.model.js.map
C:\inetpub\wwwroot\adduo.restoudaobra\adduo.restoudaobra.web\wwwroot\roApp\dist\out-tsc\src\app\service\contact.service.js
C:\inetpub\wwwroot\adduo.restoudaobra\adduo.restoudaobra.web\wwwroot\roApp\dist\out-tsc\src\app\service\contact.service.js.map
C:\inetpub\wwwroot\adduo.restoudaobra\adduo.restoudaobra.web\wwwroot\roApp\dist\out-tsc\src\app\pages\contact-page\contact-page.component.js
C:\inetpub\wwwroot\adduo.restoudaobra\adduo.restoudaobra.web\wwwroot\roApp\dist\out-tsc\src\app\pages\contact-page\contact-page.component.js.map
C:\inetpub\wwwroot\adduo.restoudaobra\adduo.restoudaobra.web\wwwroot\roApp\dist\out-tsc\src\app\pages\contact-finalization-page\contact-finalization-page.component.js
C:\inetpub\wwwroot\adduo.restoudaobra\adduo.restoudaobra.web\wwwroot\roApp\dist\out-tsc\src\app\pages\contact-finalization-page\contact-finalization-page.component.js.map
C:\inetpub\wwwroot\adduo.restoudaobra\adduo.restoudaobra.web\wwwroot\roApp\dist\out-tsc\src\app\app.routes.js
C:\inetpub\wwwroot\adduo.restoudaobra\adduo.restoudaobra.web\wwwroot\roApp\dist\out-tsc\src\app\app.routes.js.map
C:\inetpub\wwwroot\adduo.restoudaobra\adduo.restoudaobra.web\wwwroot\roApp\dist\out-tsc\src\app\app.component.js
C:\inetpub\wwwroot\adduo.restoudaobra\adduo.restoudaobra.web\wwwroot\roApp\dist\out-tsc\src\app\app.component.js.map
C:\inetpub\wwwroot\adduo.restoudaobra\adduo.restoudaobra.web\wwwroot\roApp\dist\out-tsc\src\app\interceptor\auth.interceptor.js
C:\inetpub\wwwroot\adduo.restoudaobra\adduo.restoudaobra.web\wwwroot\roApp\dist\out-tsc\src\app\interceptor\auth.interceptor.js.map
C:\inetpub\wwwroot\adduo.restoudaobra\adduo.restoudaobra.web\wwwroot\roApp\dist\out-tsc\src\app\component\login\login.component.js
C:\inetpub\wwwroot\adduo.restoudaobra\adduo.restoudaobra.web\wwwroot\roApp\dist\out-tsc\src\app\component\login\login.component.js.map
C:\inetpub\wwwroot\adduo.restoudaobra\adduo.restoudaobra.web\wwwroot\roApp\dist\out-tsc\src\app\component\owner-register\owner-register.component.js
C:\inetpub\wwwroot\adduo.restoudaobra\adduo.restoudaobra.web\wwwroot\roApp\dist\out-tsc\src\app\component\owner-register\owner-register.component.js.map
C:\inetpub\wwwroot\adduo.restoudaobra\adduo.restoudaobra.web\wwwroot\roApp\dist\out-tsc\src\app\enum\address-register-type.enum.js
C:\inetpub\wwwroot\adduo.restoudaobra\adduo.restoudaobra.web\wwwroot\roApp\dist\out-tsc\src\app\enum\address-register-type.enum.js.map
C:\inetpub\wwwroot\adduo.restoudaobra\adduo.restoudaobra.web\wwwroot\roApp\dist\out-tsc\src\app\component\address-register\address-register.component.js
C:\inetpub\wwwroot\adduo.restoudaobra\adduo.restoudaobra.web\wwwroot\roApp\dist\out-tsc\src\app\component\address-register\address-register.component.js.map
C:\inetpub\wwwroot\adduo.restoudaobra\adduo.restoudaobra.web\wwwroot\roApp\dist\out-tsc\src\app\service\local.service.js
C:\inetpub\wwwroot\adduo.restoudaobra\adduo.restoudaobra.web\wwwroot\roApp\dist\out-tsc\src\app\service\local.service.js.map
C:\inetpub\wwwroot\adduo.restoudaobra\adduo.restoudaobra.web\wwwroot\roApp\dist\out-tsc\src\app\component\address-register-new\address-register-new.component.js
C:\inetpub\wwwroot\adduo.restoudaobra\adduo.restoudaobra.web\wwwroot\roApp\dist\out-tsc\src\app\component\address-register-new\address-register-new.component.js.map
C:\inetpub\wwwroot\adduo.restoudaobra\adduo.restoudaobra.web\wwwroot\roApp\dist\out-tsc\src\app\component\address-register-exist\address-register-exist.component.js
C:\inetpub\wwwroot\adduo.restoudaobra\adduo.restoudaobra.web\wwwroot\roApp\dist\out-tsc\src\app\component\address-register-exist\address-register-exist.component.js.map
C:\inetpub\wwwroot\adduo.restoudaobra\adduo.restoudaobra.web\wwwroot\roApp\dist\out-tsc\src\app\component\menu\menu.component.js
C:\inetpub\wwwroot\adduo.restoudaobra\adduo.restoudaobra.web\wwwroot\roApp\dist\out-tsc\src\app\component\menu\menu.component.js.map
C:\inetpub\wwwroot\adduo.restoudaobra\adduo.restoudaobra.web\wwwroot\roApp\dist\out-tsc\src\app\component\finalization\finalization.component.js
C:\inetpub\wwwroot\adduo.restoudaobra\adduo.restoudaobra.web\wwwroot\roApp\dist\out-tsc\src\app\component\finalization\finalization.component.js.map
C:\inetpub\wwwroot\adduo.restoudaobra\adduo.restoudaobra.web\wwwroot\roApp\dist\out-tsc\src\app\component\loader\loader.component.js
C:\inetpub\wwwroot\adduo.restoudaobra\adduo.restoudaobra.web\wwwroot\roApp\dist\out-tsc\src\app\component\loader\loader.component.js.map
C:\inetpub\wwwroot\adduo.restoudaobra\adduo.restoudaobra.web\wwwroot\roApp\dist\out-tsc\src\app\component\ad-type-title\ad-type-title.component.js
C:\inetpub\wwwroot\adduo.restoudaobra\adduo.restoudaobra.web\wwwroot\roApp\dist\out-tsc\src\app\component\ad-type-title\ad-type-title.component.js.map
C:\inetpub\wwwroot\adduo.restoudaobra\adduo.restoudaobra.web\wwwroot\roApp\dist\out-tsc\src\app\component\my-ad\my-ad.component.js
C:\inetpub\wwwroot\adduo.restoudaobra\adduo.restoudaobra.web\wwwroot\roApp\dist\out-tsc\src\app\component\my-ad\my-ad.component.js.map
C:\inetpub\wwwroot\adduo.restoudaobra\adduo.restoudaobra.web\wwwroot\roApp\dist\out-tsc\src\app\component\page-title\page-title.component.js
C:\inetpub\wwwroot\adduo.restoudaobra\adduo.restoudaobra.web\wwwroot\roApp\dist\out-tsc\src\app\component\page-title\page-title.component.js.map
C:\inetpub\wwwroot\adduo.restoudaobra\adduo.restoudaobra.web\wwwroot\roApp\dist\out-tsc\src\app\component\summary-error\summary-error.component.js
C:\inetpub\wwwroot\adduo.restoudaobra\adduo.restoudaobra.web\wwwroot\roApp\dist\out-tsc\src\app\component\summary-error\summary-error.component.js.map
C:\inetpub\wwwroot\adduo.restoudaobra\adduo.restoudaobra.web\wwwroot\roApp\dist\out-tsc\src\app\component\review-field\review-field.component.js
C:\inetpub\wwwroot\adduo.restoudaobra\adduo.restoudaobra.web\wwwroot\roApp\dist\out-tsc\src\app\component\review-field\review-field.component.js.map
C:\inetpub\wwwroot\adduo.restoudaobra\adduo.restoudaobra.web\wwwroot\roApp\dist\out-tsc\src\app\component\review-field\review-field-invalid.component.js
C:\inetpub\wwwroot\adduo.restoudaobra\adduo.restoudaobra.web\wwwroot\roApp\dist\out-tsc\src\app\component\review-field\review-field-invalid.component.js.map
C:\inetpub\wwwroot\adduo.restoudaobra\adduo.restoudaobra.web\wwwroot\roApp\dist\out-tsc\src\app\component\review-field\review-field-empty.component.js
C:\inetpub\wwwroot\adduo.restoudaobra\adduo.restoudaobra.web\wwwroot\roApp\dist\out-tsc\src\app\component\review-field\review-field-empty.component.js.map
C:\inetpub\wwwroot\adduo.restoudaobra\adduo.restoudaobra.web\wwwroot\roApp\dist\out-tsc\src\app\component\review-field\review-field-different.component.js
C:\inetpub\wwwroot\adduo.restoudaobra\adduo.restoudaobra.web\wwwroot\roApp\dist\out-tsc\src\app\component\review-field\review-field-different.component.js.map
C:\inetpub\wwwroot\adduo.restoudaobra\adduo.restoudaobra.web\wwwroot\roApp\dist\out-tsc\src\app\component\review-field\review-field-valid.component.js
C:\inetpub\wwwroot\adduo.restoudaobra\adduo.restoudaobra.web\wwwroot\roApp\dist\out-tsc\src\app\component\review-field\review-field-valid.component.js.map
C:\inetpub\wwwroot\adduo.restoudaobra\adduo.restoudaobra.web\wwwroot\roApp\dist\out-tsc\src\app\component\review-field\review-field-notfound.component.js
C:\inetpub\wwwroot\adduo.restoudaobra\adduo.restoudaobra.web\wwwroot\roApp\dist\out-tsc\src\app\component\review-field\review-field-notfound.component.js.map
C:\inetpub\wwwroot\adduo.restoudaobra\adduo.restoudaobra.web\wwwroot\roApp\dist\out-tsc\src\app\component\review-field-container\review-field-container.component.js
C:\inetpub\wwwroot\adduo.restoudaobra\adduo.restoudaobra.web\wwwroot\roApp\dist\out-tsc\src\app\component\review-field-container\review-field-container.component.js.map
C:\inetpub\wwwroot\adduo.restoudaobra\adduo.restoudaobra.web\wwwroot\roApp\dist\out-tsc\src\app\component\review-field\review-field-already.component.js
C:\inetpub\wwwroot\adduo.restoudaobra\adduo.restoudaobra.web\wwwroot\roApp\dist\out-tsc\src\app\component\review-field\review-field-already.component.js.map
C:\inetpub\wwwroot\adduo.restoudaobra\adduo.restoudaobra.web\wwwroot\roApp\dist\out-tsc\src\app\component\field\field.component.js
C:\inetpub\wwwroot\adduo.restoudaobra\adduo.restoudaobra.web\wwwroot\roApp\dist\out-tsc\src\app\component\field\field.component.js.map
C:\inetpub\wwwroot\adduo.restoudaobra\adduo.restoudaobra.web\wwwroot\roApp\dist\out-tsc\src\app\component\field\field-textarea.component.js
C:\inetpub\wwwroot\adduo.restoudaobra\adduo.restoudaobra.web\wwwroot\roApp\dist\out-tsc\src\app\component\field\field-textarea.component.js.map
C:\inetpub\wwwroot\adduo.restoudaobra\adduo.restoudaobra.web\wwwroot\roApp\dist\out-tsc\src\app\component\field\field-text.component.js
C:\inetpub\wwwroot\adduo.restoudaobra\adduo.restoudaobra.web\wwwroot\roApp\dist\out-tsc\src\app\component\field\field-text.component.js.map
C:\inetpub\wwwroot\adduo.restoudaobra\adduo.restoudaobra.web\wwwroot\roApp\dist\out-tsc\src\app\component\field\field-password.component.js
C:\inetpub\wwwroot\adduo.restoudaobra\adduo.restoudaobra.web\wwwroot\roApp\dist\out-tsc\src\app\component\field\field-password.component.js.map
C:\inetpub\wwwroot\adduo.restoudaobra\adduo.restoudaobra.web\wwwroot\roApp\dist\out-tsc\src\app\component\field\field-currency.component.js
C:\inetpub\wwwroot\adduo.restoudaobra\adduo.restoudaobra.web\wwwroot\roApp\dist\out-tsc\src\app\component\field\field-currency.component.js.map
C:\inetpub\wwwroot\adduo.restoudaobra\adduo.restoudaobra.web\wwwroot\roApp\dist\out-tsc\src\app\component\field\field-mask.component.js
C:\inetpub\wwwroot\adduo.restoudaobra\adduo.restoudaobra.web\wwwroot\roApp\dist\out-tsc\src\app\component\field\field-mask.component.js.map
C:\inetpub\wwwroot\adduo.restoudaobra\adduo.restoudaobra.web\wwwroot\roApp\dist\out-tsc\src\app\app.module.js
C:\inetpub\wwwroot\adduo.restoudaobra\adduo.restoudaobra.web\wwwroot\roApp\dist\out-tsc\src\app\app.module.js.map
C:\inetpub\wwwroot\adduo.restoudaobra\adduo.restoudaobra.web\wwwroot\roApp\dist\out-tsc\src\environments\environment.js
C:\inetpub\wwwroot\adduo.restoudaobra\adduo.restoudaobra.web\wwwroot\roApp\dist\out-tsc\src\environments\environment.js.map
C:\inetpub\wwwroot\adduo.restoudaobra\adduo.restoudaobra.web\wwwroot\roApp\dist\out-tsc\src\main.js
C:\inetpub\wwwroot\adduo.restoudaobra\adduo.restoudaobra.web\wwwroot\roApp\dist\out-tsc\src\main.js.map
C:\inetpub\wwwroot\adduo.restoudaobra\adduo.restoudaobra.web\wwwroot\roApp\dist\out-tsc\src\polyfills.js
C:\inetpub\wwwroot\adduo.restoudaobra\adduo.restoudaobra.web\wwwroot\roApp\dist\out-tsc\src\polyfills.js.map
C:\inetpub\wwwroot\adduo.restoudaobra\adduo.restoudaobra.web\wwwroot\roApp\dist\out-tsc\src\test.js
C:\inetpub\wwwroot\adduo.restoudaobra\adduo.restoudaobra.web\wwwroot\roApp\dist\out-tsc\src\test.js.map
C:\inetpub\wwwroot\adduo.restoudaobra\adduo.restoudaobra.web\wwwroot\roApp\dist\out-tsc\e2e\src\app.po.js
C:\inetpub\wwwroot\adduo.restoudaobra\adduo.restoudaobra.web\wwwroot\roApp\dist\out-tsc\e2e\src\app.po.js.map
C:\inetpub\wwwroot\adduo.restoudaobra\adduo.restoudaobra.web\wwwroot\roApp\dist\out-tsc\e2e\src\app.e2e-spec.js
C:\inetpub\wwwroot\adduo.restoudaobra\adduo.restoudaobra.web\wwwroot\roApp\dist\out-tsc\e2e\src\app.e2e-spec.js.map
C:\inetpub\wwwroot\adduo.restoudaobra\adduo.restoudaobra.web\wwwroot\roApp\dist\out-tsc\src\environments\environment.prod.js
C:\inetpub\wwwroot\adduo.restoudaobra\adduo.restoudaobra.web\wwwroot\roApp\dist\out-tsc\src\environments\environment.prod.js.map
C:\inetpub\wwwroot\adduo.restoudaobra\adduo.restoudaobra.web\wwwroot\roApp\dist\out-tsc\src\app\mask\mask.js
C:\inetpub\wwwroot\adduo.restoudaobra\adduo.restoudaobra.web\wwwroot\roApp\dist\out-tsc\src\app\mask\mask.js.map
C:\inetpub\wwwroot\adduo.restoudaobra\adduo.restoudaobra.web\wwwroot\roApp\dist\out-tsc\src\app\mask\cellphone.mask.js
C:\inetpub\wwwroot\adduo.restoudaobra\adduo.restoudaobra.web\wwwroot\roApp\dist\out-tsc\src\app\mask\cellphone.mask.js.map
C:\inetpub\wwwroot\adduo.restoudaobra\adduo.restoudaobra.web\wwwroot\roApp\dist\out-tsc\src\app\mask\cpf.mask.js
C:\inetpub\wwwroot\adduo.restoudaobra\adduo.restoudaobra.web\wwwroot\roApp\dist\out-tsc\src\app\mask\cpf.mask.js.map
C:\inetpub\wwwroot\adduo.restoudaobra\adduo.restoudaobra.web\wwwroot\roApp\dist\out-tsc\src\app\mask\phone.mask.js
C:\inetpub\wwwroot\adduo.restoudaobra\adduo.restoudaobra.web\wwwroot\roApp\dist\out-tsc\src\app\mask\phone.mask.js.map
C:\inetpub\wwwroot\adduo.restoudaobra\adduo.restoudaobra.web\wwwroot\roApp\dist\out-tsc\src\app\model\owner-detail.js
C:\inetpub\wwwroot\adduo.restoudaobra\adduo.restoudaobra.web\wwwroot\roApp\dist\out-tsc\src\app\model\owner-detail.js.map
C:\inetpub\wwwroot\adduo.restoudaobra\adduo.restoudaobra.web\wwwroot\roApp\dist\out-tsc\src\app\service\address.service.js
C:\inetpub\wwwroot\adduo.restoudaobra\adduo.restoudaobra.web\wwwroot\roApp\dist\out-tsc\src\app\service\address.service.js.map
